<?xml version="1.0" encoding="UTF-8"?>
<testsuite xmlns:xsi="http://www.w3.org/2001/XMLSchema-instance" xsi:noNamespaceSchemaLocation="https://maven.apache.org/surefire/maven-surefire-plugin/xsd/surefire-test-report.xsd" name="Test" time="0.003" tests="0" errors="0" skipped="0" failures="0">
  <properties>
    <property name="sun.desktop" value="windows"/>
    <property name="awt.toolkit" value="sun.awt.windows.WToolkit"/>
    <property name="file.encoding.pkg" value="sun.io"/>
    <property name="java.specification.version" value="1.8"/>
    <property name="sun.cpu.isalist" value="amd64"/>
    <property name="sun.jnu.encoding" value="GBK"/>
    <property name="java.class.path" value="D:\学习资料\nacos-dubbo\dubbo-consumer\target\test-classes;D:\学习资料\nacos-dubbo\dubbo-consumer\target\classes;D:\学习资料\nacos-dubbo\dubbo-api\target\com.api-1.0-SNAPSHOT.jar;D:\repository\org\springframework\boot\spring-boot-starter\2.1.6.RELEASE\spring-boot-starter-2.1.6.RELEASE.jar;D:\repository\org\springframework\boot\spring-boot\2.1.6.RELEASE\spring-boot-2.1.6.RELEASE.jar;D:\repository\org\springframework\spring-context\5.1.8.RELEASE\spring-context-5.1.8.RELEASE.jar;D:\repository\org\springframework\boot\spring-boot-autoconfigure\2.1.6.RELEASE\spring-boot-autoconfigure-2.1.6.RELEASE.jar;D:\repository\org\springframework\boot\spring-boot-starter-logging\2.1.6.RELEASE\spring-boot-starter-logging-2.1.6.RELEASE.jar;D:\repository\ch\qos\logback\logback-classic\1.2.3\logback-classic-1.2.3.jar;D:\repository\ch\qos\logback\logback-core\1.2.3\logback-core-1.2.3.jar;D:\repository\org\apache\logging\log4j\log4j-to-slf4j\2.11.2\log4j-to-slf4j-2.11.2.jar;D:\repository\org\apache\logging\log4j\log4j-api\2.11.2\log4j-api-2.11.2.jar;D:\repository\org\slf4j\jul-to-slf4j\1.7.26\jul-to-slf4j-1.7.26.jar;D:\repository\javax\annotation\javax.annotation-api\1.3.2\javax.annotation-api-1.3.2.jar;D:\repository\org\springframework\spring-core\5.1.8.RELEASE\spring-core-5.1.8.RELEASE.jar;D:\repository\org\springframework\spring-jcl\5.1.8.RELEASE\spring-jcl-5.1.8.RELEASE.jar;D:\repository\org\yaml\snakeyaml\1.23\snakeyaml-1.23.jar;D:\repository\org\springframework\boot\spring-boot-starter-web\2.1.6.RELEASE\spring-boot-starter-web-2.1.6.RELEASE.jar;D:\repository\org\springframework\boot\spring-boot-starter-json\2.1.6.RELEASE\spring-boot-starter-json-2.1.6.RELEASE.jar;D:\repository\com\fasterxml\jackson\datatype\jackson-datatype-jdk8\2.9.9\jackson-datatype-jdk8-2.9.9.jar;D:\repository\com\fasterxml\jackson\datatype\jackson-datatype-jsr310\2.9.9\jackson-datatype-jsr310-2.9.9.jar;D:\repository\com\fasterxml\jackson\module\jackson-module-parameter-names\2.9.9\jackson-module-parameter-names-2.9.9.jar;D:\repository\org\springframework\boot\spring-boot-starter-tomcat\2.1.6.RELEASE\spring-boot-starter-tomcat-2.1.6.RELEASE.jar;D:\repository\org\apache\tomcat\embed\tomcat-embed-core\9.0.21\tomcat-embed-core-9.0.21.jar;D:\repository\org\apache\tomcat\embed\tomcat-embed-el\9.0.21\tomcat-embed-el-9.0.21.jar;D:\repository\org\apache\tomcat\embed\tomcat-embed-websocket\9.0.21\tomcat-embed-websocket-9.0.21.jar;D:\repository\org\hibernate\validator\hibernate-validator\6.0.17.Final\hibernate-validator-6.0.17.Final.jar;D:\repository\javax\validation\validation-api\2.0.1.Final\validation-api-2.0.1.Final.jar;D:\repository\org\jboss\logging\jboss-logging\3.3.2.Final\jboss-logging-3.3.2.Final.jar;D:\repository\com\fasterxml\classmate\1.4.0\classmate-1.4.0.jar;D:\repository\org\springframework\spring-web\5.1.8.RELEASE\spring-web-5.1.8.RELEASE.jar;D:\repository\org\springframework\spring-beans\5.1.8.RELEASE\spring-beans-5.1.8.RELEASE.jar;D:\repository\org\springframework\spring-webmvc\5.1.8.RELEASE\spring-webmvc-5.1.8.RELEASE.jar;D:\repository\org\springframework\spring-aop\5.1.8.RELEASE\spring-aop-5.1.8.RELEASE.jar;D:\repository\org\springframework\spring-expression\5.1.8.RELEASE\spring-expression-5.1.8.RELEASE.jar;D:\repository\org\apache\dubbo\dubbo-spring-boot-starter\2.7.3\dubbo-spring-boot-starter-2.7.3.jar;D:\repository\org\apache\dubbo\dubbo-spring-boot-autoconfigure\2.7.3\dubbo-spring-boot-autoconfigure-2.7.3.jar;D:\repository\org\apache\dubbo\dubbo-spring-boot-autoconfigure-compatible\2.7.3\dubbo-spring-boot-autoconfigure-compatible-2.7.3.jar;D:\repository\org\apache\dubbo\dubbo\2.7.3\dubbo-2.7.3.jar;D:\repository\org\javassist\javassist\3.20.0-GA\javassist-3.20.0-GA.jar;D:\repository\io\netty\netty-all\4.1.36.Final\netty-all-4.1.36.Final.jar;D:\repository\com\google\code\gson\gson\2.8.5\gson-2.8.5.jar;D:\repository\org\apache\dubbo\dubbo-registry-nacos\2.7.3\dubbo-registry-nacos-2.7.3.jar;D:\repository\com\alibaba\nacos\nacos-client\1.0.1\nacos-client-1.0.1.jar;D:\repository\com\alibaba\nacos\nacos-common\1.0.1\nacos-common-1.0.1.jar;D:\repository\org\slf4j\slf4j-api\1.7.26\slf4j-api-1.7.26.jar;D:\repository\commons-io\commons-io\2.2\commons-io-2.2.jar;D:\repository\org\apache\commons\commons-lang3\3.8.1\commons-lang3-3.8.1.jar;D:\repository\com\alibaba\nacos\nacos-api\1.0.1\nacos-api-1.0.1.jar;D:\repository\com\alibaba\fastjson\1.2.47\fastjson-1.2.47.jar;D:\repository\com\google\guava\guava\19.0\guava-19.0.jar;D:\repository\commons-codec\commons-codec\1.11\commons-codec-1.11.jar;D:\repository\com\fasterxml\jackson\core\jackson-core\2.9.9\jackson-core-2.9.9.jar;D:\repository\com\fasterxml\jackson\core\jackson-databind\2.9.9\jackson-databind-2.9.9.jar;D:\repository\com\fasterxml\jackson\core\jackson-annotations\2.9.0\jackson-annotations-2.9.0.jar;D:\repository\io\prometheus\simpleclient\0.5.0\simpleclient-0.5.0.jar;D:\repository\com\alibaba\boot\nacos-config-spring-boot-starter\0.2.1\nacos-config-spring-boot-starter-0.2.1.jar;D:\repository\com\alibaba\nacos\nacos-spring-context\0.2.2-RC1\nacos-spring-context-0.2.2-RC1.jar;D:\repository\com\alibaba\spring\spring-context-support\1.0.1\spring-context-support-1.0.1.jar;D:\repository\com\alibaba\boot\nacos-config-spring-boot-autoconfigure\0.2.1\nacos-config-spring-boot-autoconfigure-0.2.1.jar;D:\repository\com\alibaba\boot\nacos-spring-boot-base\0.2.1\nacos-spring-boot-base-0.2.1.jar;D:\repository\com\xuxueli\xxl-job-core\2.0.1\xxl-job-core-2.0.1.jar;D:\repository\com\xuxueli\xxl-rpc-core\1.2.1\xxl-rpc-core-1.2.1.jar;D:\repository\com\caucho\hessian\4.0.51\hessian-4.0.51.jar;D:\repository\org\eclipse\jetty\jetty-server\9.4.19.v20190610\jetty-server-9.4.19.v20190610.jar;D:\repository\javax\servlet\javax.servlet-api\4.0.1\javax.servlet-api-4.0.1.jar;D:\repository\org\eclipse\jetty\jetty-http\9.4.19.v20190610\jetty-http-9.4.19.v20190610.jar;D:\repository\org\eclipse\jetty\jetty-util\9.4.19.v20190610\jetty-util-9.4.19.v20190610.jar;D:\repository\org\eclipse\jetty\jetty-io\9.4.19.v20190610\jetty-io-9.4.19.v20190610.jar;D:\repository\org\eclipse\jetty\jetty-client\9.4.19.v20190610\jetty-client-9.4.19.v20190610.jar;D:\repository\org\codehaus\groovy\groovy\2.5.7\groovy-2.5.7.jar;D:\repository\org\apache\commons\commons-exec\1.3\commons-exec-1.3.jar;"/>
    <property name="java.vm.vendor" value="Oracle Corporation"/>
    <property name="sun.arch.data.model" value="64"/>
    <property name="user.variant" value=""/>
    <property name="java.vendor.url" value="http://java.oracle.com/"/>
    <property name="user.timezone" value="Asia/Shanghai"/>
    <property name="java.vm.specification.version" value="1.8"/>
    <property name="os.name" value="Windows 8.1"/>
    <property name="user.country" value="CN"/>
    <property name="sun.java.launcher" value="SUN_STANDARD"/>
    <property name="sun.boot.library.path" value="D:\soft\java\JDK-windows-1.8\jre\bin"/>
    <property name="sun.java.command" value="C:\Users\daipj\AppData\Local\Temp\surefire3223047197312723623\surefirebooter5393187668780432352.jar C:\Users\daipj\AppData\Local\Temp\surefire3223047197312723623 2020-08-12T22-26-14_612-jvmRun1 surefire5161813795198878752tmp surefire_08015523275255427642tmp"/>
    <property name="surefire.test.class.path" value="D:\学习资料\nacos-dubbo\dubbo-consumer\target\test-classes;D:\学习资料\nacos-dubbo\dubbo-consumer\target\classes;D:\学习资料\nacos-dubbo\dubbo-api\target\com.api-1.0-SNAPSHOT.jar;D:\repository\org\springframework\boot\spring-boot-starter\2.1.6.RELEASE\spring-boot-starter-2.1.6.RELEASE.jar;D:\repository\org\springframework\boot\spring-boot\2.1.6.RELEASE\spring-boot-2.1.6.RELEASE.jar;D:\repository\org\springframework\spring-context\5.1.8.RELEASE\spring-context-5.1.8.RELEASE.jar;D:\repository\org\springframework\boot\spring-boot-autoconfigure\2.1.6.RELEASE\spring-boot-autoconfigure-2.1.6.RELEASE.jar;D:\repository\org\springframework\boot\spring-boot-starter-logging\2.1.6.RELEASE\spring-boot-starter-logging-2.1.6.RELEASE.jar;D:\repository\ch\qos\logback\logback-classic\1.2.3\logback-classic-1.2.3.jar;D:\repository\ch\qos\logback\logback-core\1.2.3\logback-core-1.2.3.jar;D:\repository\org\apache\logging\log4j\log4j-to-slf4j\2.11.2\log4j-to-slf4j-2.11.2.jar;D:\repository\org\apache\logging\log4j\log4j-api\2.11.2\log4j-api-2.11.2.jar;D:\repository\org\slf4j\jul-to-slf4j\1.7.26\jul-to-slf4j-1.7.26.jar;D:\repository\javax\annotation\javax.annotation-api\1.3.2\javax.annotation-api-1.3.2.jar;D:\repository\org\springframework\spring-core\5.1.8.RELEASE\spring-core-5.1.8.RELEASE.jar;D:\repository\org\springframework\spring-jcl\5.1.8.RELEASE\spring-jcl-5.1.8.RELEASE.jar;D:\repository\org\yaml\snakeyaml\1.23\snakeyaml-1.23.jar;D:\repository\org\springframework\boot\spring-boot-starter-web\2.1.6.RELEASE\spring-boot-starter-web-2.1.6.RELEASE.jar;D:\repository\org\springframework\boot\spring-boot-starter-json\2.1.6.RELEASE\spring-boot-starter-json-2.1.6.RELEASE.jar;D:\repository\com\fasterxml\jackson\datatype\jackson-datatype-jdk8\2.9.9\jackson-datatype-jdk8-2.9.9.jar;D:\repository\com\fasterxml\jackson\datatype\jackson-datatype-jsr310\2.9.9\jackson-datatype-jsr310-2.9.9.jar;D:\repository\com\fasterxml\jackson\module\jackson-module-parameter-names\2.9.9\jackson-module-parameter-names-2.9.9.jar;D:\repository\org\springframework\boot\spring-boot-starter-tomcat\2.1.6.RELEASE\spring-boot-starter-tomcat-2.1.6.RELEASE.jar;D:\repository\org\apache\tomcat\embed\tomcat-embed-core\9.0.21\tomcat-embed-core-9.0.21.jar;D:\repository\org\apache\tomcat\embed\tomcat-embed-el\9.0.21\tomcat-embed-el-9.0.21.jar;D:\repository\org\apache\tomcat\embed\tomcat-embed-websocket\9.0.21\tomcat-embed-websocket-9.0.21.jar;D:\repository\org\hibernate\validator\hibernate-validator\6.0.17.Final\hibernate-validator-6.0.17.Final.jar;D:\repository\javax\validation\validation-api\2.0.1.Final\validation-api-2.0.1.Final.jar;D:\repository\org\jboss\logging\jboss-logging\3.3.2.Final\jboss-logging-3.3.2.Final.jar;D:\repository\com\fasterxml\classmate\1.4.0\classmate-1.4.0.jar;D:\repository\org\springframework\spring-web\5.1.8.RELEASE\spring-web-5.1.8.RELEASE.jar;D:\repository\org\springframework\spring-beans\5.1.8.RELEASE\spring-beans-5.1.8.RELEASE.jar;D:\repository\org\springframework\spring-webmvc\5.1.8.RELEASE\spring-webmvc-5.1.8.RELEASE.jar;D:\repository\org\springframework\spring-aop\5.1.8.RELEASE\spring-aop-5.1.8.RELEASE.jar;D:\repository\org\springframework\spring-expression\5.1.8.RELEASE\spring-expression-5.1.8.RELEASE.jar;D:\repository\org\apache\dubbo\dubbo-spring-boot-starter\2.7.3\dubbo-spring-boot-starter-2.7.3.jar;D:\repository\org\apache\dubbo\dubbo-spring-boot-autoconfigure\2.7.3\dubbo-spring-boot-autoconfigure-2.7.3.jar;D:\repository\org\apache\dubbo\dubbo-spring-boot-autoconfigure-compatible\2.7.3\dubbo-spring-boot-autoconfigure-compatible-2.7.3.jar;D:\repository\org\apache\dubbo\dubbo\2.7.3\dubbo-2.7.3.jar;D:\repository\org\javassist\javassist\3.20.0-GA\javassist-3.20.0-GA.jar;D:\repository\io\netty\netty-all\4.1.36.Final\netty-all-4.1.36.Final.jar;D:\repository\com\google\code\gson\gson\2.8.5\gson-2.8.5.jar;D:\repository\org\apache\dubbo\dubbo-registry-nacos\2.7.3\dubbo-registry-nacos-2.7.3.jar;D:\repository\com\alibaba\nacos\nacos-client\1.0.1\nacos-client-1.0.1.jar;D:\repository\com\alibaba\nacos\nacos-common\1.0.1\nacos-common-1.0.1.jar;D:\repository\org\slf4j\slf4j-api\1.7.26\slf4j-api-1.7.26.jar;D:\repository\commons-io\commons-io\2.2\commons-io-2.2.jar;D:\repository\org\apache\commons\commons-lang3\3.8.1\commons-lang3-3.8.1.jar;D:\repository\com\alibaba\nacos\nacos-api\1.0.1\nacos-api-1.0.1.jar;D:\repository\com\alibaba\fastjson\1.2.47\fastjson-1.2.47.jar;D:\repository\com\google\guava\guava\19.0\guava-19.0.jar;D:\repository\commons-codec\commons-codec\1.11\commons-codec-1.11.jar;D:\repository\com\fasterxml\jackson\core\jackson-core\2.9.9\jackson-core-2.9.9.jar;D:\repository\com\fasterxml\jackson\core\jackson-databind\2.9.9\jackson-databind-2.9.9.jar;D:\repository\com\fasterxml\jackson\core\jackson-annotations\2.9.0\jackson-annotations-2.9.0.jar;D:\repository\io\prometheus\simpleclient\0.5.0\simpleclient-0.5.0.jar;D:\repository\com\alibaba\boot\nacos-config-spring-boot-starter\0.2.1\nacos-config-spring-boot-starter-0.2.1.jar;D:\repository\com\alibaba\nacos\nacos-spring-context\0.2.2-RC1\nacos-spring-context-0.2.2-RC1.jar;D:\repository\com\alibaba\spring\spring-context-support\1.0.1\spring-context-support-1.0.1.jar;D:\repository\com\alibaba\boot\nacos-config-spring-boot-autoconfigure\0.2.1\nacos-config-spring-boot-autoconfigure-0.2.1.jar;D:\repository\com\alibaba\boot\nacos-spring-boot-base\0.2.1\nacos-spring-boot-base-0.2.1.jar;D:\repository\com\xuxueli\xxl-job-core\2.0.1\xxl-job-core-2.0.1.jar;D:\repository\com\xuxueli\xxl-rpc-core\1.2.1\xxl-rpc-core-1.2.1.jar;D:\repository\com\caucho\hessian\4.0.51\hessian-4.0.51.jar;D:\repository\org\eclipse\jetty\jetty-server\9.4.19.v20190610\jetty-server-9.4.19.v20190610.jar;D:\repository\javax\servlet\javax.servlet-api\4.0.1\javax.servlet-api-4.0.1.jar;D:\repository\org\eclipse\jetty\jetty-http\9.4.19.v20190610\jetty-http-9.4.19.v20190610.jar;D:\repository\org\eclipse\jetty\jetty-util\9.4.19.v20190610\jetty-util-9.4.19.v20190610.jar;D:\repository\org\eclipse\jetty\jetty-io\9.4.19.v20190610\jetty-io-9.4.19.v20190610.jar;D:\repository\org\eclipse\jetty\jetty-client\9.4.19.v20190610\jetty-client-9.4.19.v20190610.jar;D:\repository\org\codehaus\groovy\groovy\2.5.7\groovy-2.5.7.jar;D:\repository\org\apache\commons\commons-exec\1.3\commons-exec-1.3.jar;"/>
    <property name="sun.cpu.endian" value="little"/>
    <property name="user.home" value="C:\Users\daipj"/>
    <property name="user.language" value="zh"/>
    <property name="java.specification.vendor" value="Oracle Corporation"/>
    <property name="java.home" value="D:\soft\java\JDK-windows-1.8\jre"/>
    <property name="basedir" value="D:\学习资料\nacos-dubbo\dubbo-consumer"/>
    <property name="file.separator" value="\"/>
    <property name="line.separator" value="&#10;"/>
    <property name="java.vm.specification.vendor" value="Oracle Corporation"/>
    <property name="java.specification.name" value="Java Platform API Specification"/>
    <property name="java.awt.graphicsenv" value="sun.awt.Win32GraphicsEnvironment"/>
    <property name="surefire.real.class.path" value="C:\Users\daipj\AppData\Local\Temp\surefire3223047197312723623\surefirebooter5393187668780432352.jar"/>
    <property name="sun.boot.class.path" value="D:\soft\java\JDK-windows-1.8\jre\lib\resources.jar;D:\soft\java\JDK-windows-1.8\jre\lib\rt.jar;D:\soft\java\JDK-windows-1.8\jre\lib\sunrsasign.jar;D:\soft\java\JDK-windows-1.8\jre\lib\jsse.jar;D:\soft\java\JDK-windows-1.8\jre\lib\jce.jar;D:\soft\java\JDK-windows-1.8\jre\lib\charsets.jar;D:\soft\java\JDK-windows-1.8\jre\lib\jfr.jar;D:\soft\java\JDK-windows-1.8\jre\classes"/>
    <property name="user.script" value=""/>
    <property name="sun.management.compiler" value="HotSpot 64-Bit Tiered Compilers"/>
    <property name="java.runtime.version" value="1.8.0_40-b25"/>
    <property name="user.name" value="daipj"/>
    <property name="path.separator" value=";"/>
    <property name="os.version" value="6.3"/>
    <property name="java.endorsed.dirs" value="D:\soft\java\JDK-windows-1.8\jre\lib\endorsed"/>
    <property name="java.runtime.name" value="Java(TM) SE Runtime Environment"/>
    <property name="file.encoding" value="GBK"/>
    <property name="java.vm.name" value="Java HotSpot(TM) 64-Bit Server VM"/>
    <property name="localRepository" value="D:\repository"/>
    <property name="java.vendor.url.bug" value="http://bugreport.sun.com/bugreport/"/>
    <property name="java.io.tmpdir" value="C:\Users\daipj\AppData\Local\Temp\"/>
    <property name="idea.version" value="2018.1"/>
    <property name="java.version" value="1.8.0_40"/>
    <property name="user.dir" value="D:\学习资料\nacos-dubbo\dubbo-consumer"/>
    <property name="os.arch" value="amd64"/>
    <property name="java.vm.specification.name" value="Java Virtual Machine Specification"/>
    <property name="java.awt.printerjob" value="sun.awt.windows.WPrinterJob"/>
    <property name="sun.os.patch.level" value=""/>
    <property name="java.library.path" value="D:\soft\java\JDK-windows-1.8\jre\bin;C:\Windows\Sun\Java\bin;C:\Windows\system32;C:\Windows;D:\ProgramFiles\Xftp 6\;D:\ProgramFiles\Xshell 6\;C:\Windows\system32;C:\Windows;C:\Windows\System32\Wbem;C:\Windows\System32\WindowsPowerShell\v1.0\;C:\Windows\System32\OpenSSH\;D:\soft\java\JDK-windows-1.8\bin;D:\soft\database\mysql-5.7.17-winx64\bin;D:\soft\java\apache-maven-3.3.9\bin;C:\Program Files\TortoiseSVN\bin;D:\软件\Git\cmd;C:\Users\daipj\AppData\Local\Microsoft\WindowsApps;;."/>
    <property name="java.vm.info" value="mixed mode"/>
    <property name="java.vendor" value="Oracle Corporation"/>
    <property name="java.vm.version" value="25.40-b25"/>
    <property name="java.ext.dirs" value="D:\soft\java\JDK-windows-1.8\jre\lib\ext;C:\Windows\Sun\Java\lib\ext"/>
    <property name="sun.io.unicode.encoding" value="UnicodeLittle"/>
    <property name="java.class.version" value="52.0"/>
  </properties>
</testsuite>